 Cutoff=0.05
 deep=   5.00000007E-02
 Relaxation width:       S=4.013E-06
 Relaxation width:       Γ=1.248E-02
 Franck Condon Factor: FCF=5.664E-11
 NA Transfer Rate:     Kic=9.754E+07 sec**-1
 Time: 1.932E+00 sec
 Cutoff=0.05
 deep=   5.00000007E-02
 Relaxation width:       S=4.013E-06
 Relaxation width:       Γ=1.248E-02
 Franck Condon Factor: FCF=5.665E-11
 NA Transfer Rate:     Kic=9.762E+07 sec**-1
 Time: 2.172E+00 sec
 Cutoff=0.05
 deep=   9.99999975E-06
 Relaxation width:       S=4.013E-06
 Relaxation width:       Γ=1.248E-02
 Franck Condon Factor: FCF=5.665E-11
 NA Transfer Rate:     Kic=9.762E+07 sec**-1
 Time: 2.176E+00 sec
 Cutoff=0.05
deep=0.00001000
 Relaxation width:       S=4.013E-06
 Relaxation width:       Γ=1.248E-02
 Franck Condon Factor: FCF=5.665E-11
 NA Transfer Rate:     Kic=9.762E+07 sec**-1
 Time: 2.172E+00 sec
Cutoff=0.05000000
Deep=0.00001000
 Relaxation width:       S=4.013E-06
 Relaxation width:       Γ=1.248E-02
 Franck Condon Factor: FCF=5.665E-11
 NA Transfer Rate:     Kic=9.762E+07 sec**-1
 Time: 2.172E+00 sec
